<?xml version="1.0" encoding="UTF-8"?>
<testsuite name="com.ttosik.start.springboot.web.domain.posts.PostsRepositoryTest" tests="1" skipped="0" failures="0" errors="0" timestamp="2022-10-25T11:33:17" hostname="hyeui-MacBookPro.local" time="0.121">
  <properties/>
  <testcase name="BaseTimeEntity_등록" classname="com.ttosik.start.springboot.web.domain.posts.PostsRepositoryTest" time="0.121"/>
  <system-out><![CDATA[20:33:16.096 [Test worker] DEBUG org.springframework.test.context.junit4.SpringJUnit4ClassRunner - SpringJUnit4ClassRunner constructor called with [class com.ttosik.start.springboot.web.domain.posts.PostsRepositoryTest]
20:33:16.100 [Test worker] DEBUG org.springframework.test.context.BootstrapUtils - Instantiating CacheAwareContextLoaderDelegate from class [org.springframework.test.context.cache.DefaultCacheAwareContextLoaderDelegate]
20:33:16.102 [Test worker] DEBUG org.springframework.test.context.BootstrapUtils - Instantiating BootstrapContext using constructor [public org.springframework.test.context.support.DefaultBootstrapContext(java.lang.Class,org.springframework.test.context.CacheAwareContextLoaderDelegate)]
20:33:16.108 [Test worker] DEBUG org.springframework.test.context.BootstrapUtils - Instantiating TestContextBootstrapper for test class [com.ttosik.start.springboot.web.domain.posts.PostsRepositoryTest] from class [org.springframework.boot.test.context.SpringBootTestContextBootstrapper]
20:33:16.111 [Test worker] INFO org.springframework.boot.test.context.SpringBootTestContextBootstrapper - Neither @ContextConfiguration nor @ContextHierarchy found for test class [com.ttosik.start.springboot.web.domain.posts.PostsRepositoryTest], using SpringBootContextLoader
20:33:16.113 [Test worker] DEBUG org.springframework.test.context.support.AbstractContextLoader - Did not detect default resource location for test class [com.ttosik.start.springboot.web.domain.posts.PostsRepositoryTest]: class path resource [com/ttosik/start/springboot/web/domain/posts/PostsRepositoryTest-context.xml] does not exist
20:33:16.113 [Test worker] DEBUG org.springframework.test.context.support.AbstractContextLoader - Did not detect default resource location for test class [com.ttosik.start.springboot.web.domain.posts.PostsRepositoryTest]: class path resource [com/ttosik/start/springboot/web/domain/posts/PostsRepositoryTestContext.groovy] does not exist
20:33:16.113 [Test worker] INFO org.springframework.test.context.support.AbstractContextLoader - Could not detect default resource locations for test class [com.ttosik.start.springboot.web.domain.posts.PostsRepositoryTest]: no resource found for suffixes {-context.xml, Context.groovy}.
20:33:16.113 [Test worker] INFO org.springframework.test.context.support.AnnotationConfigContextLoaderUtils - Could not detect default configuration classes for test class [com.ttosik.start.springboot.web.domain.posts.PostsRepositoryTest]: PostsRepositoryTest does not declare any static, non-private, non-final, nested classes annotated with @Configuration.
20:33:16.125 [Test worker] DEBUG org.springframework.test.context.support.ActiveProfilesUtils - Could not find an 'annotation declaring class' for annotation type [org.springframework.test.context.ActiveProfiles] and class [com.ttosik.start.springboot.web.domain.posts.PostsRepositoryTest]
20:33:16.153 [Test worker] DEBUG org.springframework.context.annotation.ClassPathScanningCandidateComponentProvider - Identified candidate component class: file [/Users/hyepark/IdeaProjects/boot-master/build/classes/java/main/com/ttosik/start/springboot/Application.class]
20:33:16.154 [Test worker] INFO org.springframework.boot.test.context.SpringBootTestContextBootstrapper - Found @SpringBootConfiguration com.ttosik.start.springboot.Application for test class com.ttosik.start.springboot.web.domain.posts.PostsRepositoryTest
20:33:16.178 [Test worker] DEBUG org.springframework.boot.test.context.SpringBootTestContextBootstrapper - @TestExecutionListeners is not present for class [com.ttosik.start.springboot.web.domain.posts.PostsRepositoryTest]: using defaults.
20:33:16.178 [Test worker] INFO org.springframework.boot.test.context.SpringBootTestContextBootstrapper - Loaded default TestExecutionListener class names from location [META-INF/spring.factories]: [org.springframework.boot.test.autoconfigure.restdocs.RestDocsTestExecutionListener, org.springframework.boot.test.autoconfigure.web.client.MockRestServiceServerResetTestExecutionListener, org.springframework.boot.test.autoconfigure.web.servlet.MockMvcPrintOnlyOnFailureTestExecutionListener, org.springframework.boot.test.autoconfigure.web.servlet.WebDriverTestExecutionListener, org.springframework.boot.test.mock.mockito.MockitoTestExecutionListener, org.springframework.boot.test.mock.mockito.ResetMocksTestExecutionListener, org.springframework.test.context.web.ServletTestExecutionListener, org.springframework.test.context.support.DirtiesContextBeforeModesTestExecutionListener, org.springframework.test.context.support.DependencyInjectionTestExecutionListener, org.springframework.test.context.support.DirtiesContextTestExecutionListener, org.springframework.test.context.transaction.TransactionalTestExecutionListener, org.springframework.test.context.jdbc.SqlScriptsTestExecutionListener]
20:33:16.182 [Test worker] INFO org.springframework.boot.test.context.SpringBootTestContextBootstrapper - Using TestExecutionListeners: [org.springframework.test.context.web.ServletTestExecutionListener@3ea4c2b9, org.springframework.test.context.support.DirtiesContextBeforeModesTestExecutionListener@166f3a7b, org.springframework.boot.test.mock.mockito.MockitoTestExecutionListener@3d6c89f, org.springframework.boot.test.autoconfigure.SpringBootDependencyInjectionTestExecutionListener@2f81ad2, org.springframework.test.context.support.DirtiesContextTestExecutionListener@1a51a13e, org.springframework.test.context.transaction.TransactionalTestExecutionListener@7582fced, org.springframework.test.context.jdbc.SqlScriptsTestExecutionListener@40a550f2, org.springframework.boot.test.autoconfigure.restdocs.RestDocsTestExecutionListener@249ecbe, org.springframework.boot.test.autoconfigure.web.client.MockRestServiceServerResetTestExecutionListener@1586e598, org.springframework.boot.test.autoconfigure.web.servlet.MockMvcPrintOnlyOnFailureTestExecutionListener@77810651, org.springframework.boot.test.autoconfigure.web.servlet.WebDriverTestExecutionListener@1d49fa93, org.springframework.boot.test.mock.mockito.ResetMocksTestExecutionListener@5028c998]
20:33:16.184 [Test worker] DEBUG org.springframework.test.annotation.ProfileValueUtils - Retrieved @ProfileValueSourceConfiguration [null] for test class [com.ttosik.start.springboot.web.domain.posts.PostsRepositoryTest]
20:33:16.184 [Test worker] DEBUG org.springframework.test.annotation.ProfileValueUtils - Retrieved ProfileValueSource type [class org.springframework.test.annotation.SystemProfileValueSource] for class [com.ttosik.start.springboot.web.domain.posts.PostsRepositoryTest]
20:33:16.186 [Test worker] DEBUG org.springframework.test.annotation.ProfileValueUtils - Retrieved @ProfileValueSourceConfiguration [null] for test class [com.ttosik.start.springboot.web.domain.posts.PostsRepositoryTest]
20:33:16.186 [Test worker] DEBUG org.springframework.test.annotation.ProfileValueUtils - Retrieved ProfileValueSource type [class org.springframework.test.annotation.SystemProfileValueSource] for class [com.ttosik.start.springboot.web.domain.posts.PostsRepositoryTest]
20:33:16.186 [Test worker] DEBUG org.springframework.test.annotation.ProfileValueUtils - Retrieved @ProfileValueSourceConfiguration [null] for test class [com.ttosik.start.springboot.web.domain.posts.PostsRepositoryTest]
20:33:16.186 [Test worker] DEBUG org.springframework.test.annotation.ProfileValueUtils - Retrieved ProfileValueSource type [class org.springframework.test.annotation.SystemProfileValueSource] for class [com.ttosik.start.springboot.web.domain.posts.PostsRepositoryTest]
20:33:16.187 [Test worker] DEBUG org.springframework.test.context.support.AbstractDirtiesContextTestExecutionListener - Before test class: context [DefaultTestContext@3576ca85 testClass = PostsRepositoryTest, testInstance = [null], testMethod = [null], testException = [null], mergedContextConfiguration = [WebMergedContextConfiguration@7a5b02f5 testClass = PostsRepositoryTest, locations = '{}', classes = '{class com.ttosik.start.springboot.Application}', contextInitializerClasses = '[]', activeProfiles = '{}', propertySourceLocations = '{}', propertySourceProperties = '{org.springframework.boot.test.context.SpringBootTestContextBootstrapper=true}', contextCustomizers = set[org.springframework.boot.test.autoconfigure.properties.PropertyMappingContextCustomizer@0, org.springframework.boot.test.autoconfigure.web.servlet.WebDriverContextCustomizerFactory$Customizer@4128a3ae, org.springframework.boot.test.context.filter.ExcludeFilterContextCustomizer@57826f08, org.springframework.boot.test.json.DuplicateJsonObjectContextCustomizerFactory$DuplicateJsonObjectContextCustomizer@4edd1ba, org.springframework.boot.test.mock.mockito.MockitoContextCustomizer@0, org.springframework.boot.test.web.client.TestRestTemplateContextCustomizer@38536604], resourceBasePath = 'src/main/webapp', contextLoader = 'org.springframework.boot.test.context.SpringBootContextLoader', parent = [null]], attributes = map['org.springframework.test.context.web.ServletTestExecutionListener.activateListener' -> true]], class annotated with @DirtiesContext [false] with mode [null].
20:33:16.187 [Test worker] DEBUG org.springframework.test.annotation.ProfileValueUtils - Retrieved @ProfileValueSourceConfiguration [null] for test class [com.ttosik.start.springboot.web.domain.posts.PostsRepositoryTest]
20:33:16.188 [Test worker] DEBUG org.springframework.test.annotation.ProfileValueUtils - Retrieved ProfileValueSource type [class org.springframework.test.annotation.SystemProfileValueSource] for class [com.ttosik.start.springboot.web.domain.posts.PostsRepositoryTest]
20:33:16.193 [Test worker] DEBUG org.springframework.test.context.support.TestPropertySourceUtils - Adding inlined properties to environment: {spring.jmx.enabled=false, org.springframework.boot.test.context.SpringBootTestContextBootstrapper=true, server.port=-1}

  .   ____          _            __ _ _
 /\\ / ___'_ __ _ _(_)_ __  __ _ \ \ \ \
( ( )\___ | '_ | '_| | '_ \/ _` | \ \ \ \
 \\/  ___)| |_)| | | | | || (_| |  ) ) ) )
  '  |____| .__|_| |_|_| |_\__, | / / / /
 =========|_|==============|___/=/_/_/_/
 :: Spring Boot ::        (v2.1.7.RELEASE)

2022-10-25 20:33:16.269  INFO 1170 --- [    Test worker] c.t.s.s.w.d.posts.PostsRepositoryTest    : Starting PostsRepositoryTest on hyeui-MacBookPro.local with PID 1170 (started by hyepark in /Users/hyepark/IdeaProjects/boot-master)
2022-10-25 20:33:16.270  INFO 1170 --- [    Test worker] c.t.s.s.w.d.posts.PostsRepositoryTest    : No active profile set, falling back to default profiles: default
2022-10-25 20:33:16.459  INFO 1170 --- [    Test worker] .s.d.r.c.RepositoryConfigurationDelegate : Bootstrapping Spring Data repositories in DEFAULT mode.
2022-10-25 20:33:16.479  INFO 1170 --- [    Test worker] .s.d.r.c.RepositoryConfigurationDelegate : Finished Spring Data repository scanning in 17ms. Found 1 repository interfaces.
2022-10-25 20:33:16.607  INFO 1170 --- [    Test worker] trationDelegate$BeanPostProcessorChecker : Bean 'org.springframework.transaction.annotation.ProxyTransactionManagementConfiguration' of type [org.springframework.transaction.annotation.ProxyTransactionManagementConfiguration$$EnhancerBySpringCGLIB$$baa55d0f] is not eligible for getting processed by all BeanPostProcessors (for example: not eligible for auto-proxying)
2022-10-25 20:33:16.671  INFO 1170 --- [    Test worker] com.zaxxer.hikari.HikariDataSource       : HikariPool-1 - Starting...
2022-10-25 20:33:16.723  INFO 1170 --- [    Test worker] com.zaxxer.hikari.HikariDataSource       : HikariPool-1 - Start completed.
2022-10-25 20:33:16.751  INFO 1170 --- [    Test worker] o.hibernate.jpa.internal.util.LogHelper  : HHH000204: Processing PersistenceUnitInfo [
	name: default
	...]
2022-10-25 20:33:16.768  INFO 1170 --- [    Test worker] org.hibernate.Version                    : HHH000412: Hibernate Core {5.3.10.Final}
2022-10-25 20:33:16.769  INFO 1170 --- [    Test worker] org.hibernate.cfg.Environment            : HHH000206: hibernate.properties not found
2022-10-25 20:33:16.817  INFO 1170 --- [    Test worker] o.hibernate.annotations.common.Version   : HCANN000001: Hibernate Commons Annotations {5.0.4.Final}
2022-10-25 20:33:16.855  INFO 1170 --- [    Test worker] org.hibernate.dialect.Dialect            : HHH000400: Using dialect: org.hibernate.dialect.MySQL57Dialect
Hibernate: drop table if exists posts
Hibernate: create table posts (id bigint not null auto_increment, created_date datetime(6), modified_date datetime(6), author varchar(255), content TEXT not null, title varchar(500) not null, primary key (id)) engine=InnoDB
2022-10-25 20:33:17.056  INFO 1170 --- [    Test worker] o.h.t.schema.internal.SchemaCreatorImpl  : HHH000476: Executing import script 'org.hibernate.tool.schema.internal.exec.ScriptSourceInputNonExistentImpl@f4addbe'
2022-10-25 20:33:17.057  INFO 1170 --- [    Test worker] j.LocalContainerEntityManagerFactoryBean : Initialized JPA EntityManagerFactory for persistence unit 'default'
2022-10-25 20:33:17.314  INFO 1170 --- [    Test worker] o.s.s.concurrent.ThreadPoolTaskExecutor  : Initializing ExecutorService 'applicationTaskExecutor'
2022-10-25 20:33:17.331  WARN 1170 --- [    Test worker] aWebConfiguration$JpaWebMvcConfiguration : spring.jpa.open-in-view is enabled by default. Therefore, database queries may be performed during view rendering. Explicitly configure spring.jpa.open-in-view to disable this warning
2022-10-25 20:33:17.368  WARN 1170 --- [    Test worker] o.s.b.a.m.MustacheAutoConfiguration      : Cannot find template location: classpath:/templates/ (please add some templates, check your Mustache configuration, or set spring.mustache.check-template-location=false)
2022-10-25 20:33:17.427  INFO 1170 --- [    Test worker] c.t.s.s.w.d.posts.PostsRepositoryTest    : Started PostsRepositoryTest in 1.231 seconds (JVM running for 1.557)
Hibernate: insert into posts (created_date, modified_date, author, content, title) values (?, ?, ?, ?, ?)
2022-10-25 20:33:17.508  INFO 1170 --- [    Test worker] o.h.h.i.QueryTranslatorFactoryInitiator  : HHH000397: Using ASTQueryTranslatorFactory
Hibernate: select posts0_.id as id1_0_, posts0_.created_date as created_2_0_, posts0_.modified_date as modified3_0_, posts0_.author as author4_0_, posts0_.content as content5_0_, posts0_.title as title6_0_ from posts posts0_
>>>>>>>>>> createDate=2022-10-25T20:33:17.485706, modifiedDate=2022-10-25T20:33:17.485706
Hibernate: select posts0_.id as id1_0_, posts0_.created_date as created_2_0_, posts0_.modified_date as modified3_0_, posts0_.author as author4_0_, posts0_.content as content5_0_, posts0_.title as title6_0_ from posts posts0_
Hibernate: delete from posts where id=?
]]></system-out>
  <system-err><![CDATA[]]></system-err>
</testsuite>
